[debug] [2022-07-13T19:16:04.968Z] ----------------------------------------------------------------------
[debug] [2022-07-13T19:16:04.976Z] Command:       C:\Program Files\nodejs\node.exe C:\Users\YASH SHAH\AppData\Roaming\npm\node_modules\firebase-tools\lib\bin\firebase.js init
[debug] [2022-07-13T19:16:04.978Z] CLI Version:   11.2.2
[debug] [2022-07-13T19:16:04.979Z] Platform:      win32
[debug] [2022-07-13T19:16:04.979Z] Node Version:  v18.4.0
[debug] [2022-07-13T19:16:04.982Z] Time:          Thu Jul 14 2022 00:46:04 GMT+0530 (India Standard Time)
[debug] [2022-07-13T19:16:04.983Z] ----------------------------------------------------------------------
[debug] 
[debug] [2022-07-13T19:16:05.022Z] > command requires scopes: ["email","openid","https://www.googleapis.com/auth/cloudplatformprojects.readonly","https://www.googleapis.com/auth/firebase","https://www.googleapis.com/auth/cloud-platform"]
[debug] [2022-07-13T19:16:05.025Z] > authorizing via signed-in user (yashshah2046@gmail.com)
[info] 
     ######## #### ########  ######## ########     ###     ######  ########
     ##        ##  ##     ## ##       ##     ##  ##   ##  ##       ##
     ######    ##  ########  ######   ########  #########  ######  ######
     ##        ##  ##    ##  ##       ##     ## ##     ##       ## ##
     ##       #### ##     ## ######## ########  ##     ##  ######  ########

You're about to initialize a Firebase project in this directory:

  C:\Users\YASH SHAH\OneDrive\REACT-JS\website

[info] 
=== Project Setup
[info] 
[info] First, let's associate this project directory with a Firebase project.
[info] You can create multiple project aliases by running firebase use --add, 
[info] but for now we'll just set up a default project.
[info] 
[debug] [2022-07-13T19:17:09.091Z] >>> [apiv2][query] GET https://firebase.googleapis.com/v1beta1/projects pageSize=100
[debug] [2022-07-13T19:17:10.524Z] <<< [apiv2][status] GET https://firebase.googleapis.com/v1beta1/projects 200
[debug] [2022-07-13T19:17:10.524Z] <<< [apiv2][body] GET https://firebase.googleapis.com/v1beta1/projects [omitted]
[info] i  Using project freewebsitehosting-1bcf9 (FreeWebsiteHosting) 
[info] 
=== Hosting Setup
[info] 
[info] Your public directory is the folder (relative to your project directory) that
[info] will contain Hosting assets to be uploaded with firebase deploy. If you
[info] have a build process for your assets, use your build's output directory.
[info] 
[debug] [2022-07-13T19:21:28.845Z] Error: kill ENOSYS
    at process.kill (node:internal/process/per_thread:220:13)
    at process.listener (C:\Users\YASH SHAH\AppData\Roaming\npm\node_modules\firebase-tools\node_modules\signal-exit\index.js:95:15)
    at process.emit (node:events:537:28)
[error] 
[error] Error: An unexpected error has occurred.
